c:\users\speci\documents\2dvideogame\2dvideogame\debug\vc140.pdb
c:\users\speci\documents\2dvideogame\2dvideogame\debug\vc140.idb
c:\users\speci\documents\2dvideogame\2dvideogame\debug\game.obj
c:\users\speci\documents\2dvideogame\2dvideogame\debug\main.obj
c:\users\speci\documents\2dvideogame\2dvideogame\debug\player.obj
c:\users\speci\documents\2dvideogame\2dvideogame\debug\scene.obj
c:\users\speci\documents\2dvideogame\2dvideogame\debug\shader.obj
c:\users\speci\documents\2dvideogame\2dvideogame\debug\shaderprogram.obj
c:\users\speci\documents\2dvideogame\2dvideogame\debug\sprite.obj
c:\users\speci\documents\2dvideogame\2dvideogame\debug\texture.obj
c:\users\speci\documents\2dvideogame\2dvideogame\debug\tilemap.obj
c:\users\speci\source\repos\ivian34\2dgame\2dvideogame\2dvideogame\debug\vc140.pdb
c:\users\speci\source\repos\ivian34\2dgame\2dvideogame\2dvideogame\debug\vc140.idb
c:\users\speci\source\repos\ivian34\2dgame\2dvideogame\2dvideogame\debug\game.obj
c:\users\speci\source\repos\ivian34\2dgame\2dvideogame\2dvideogame\debug\main.obj
c:\users\speci\source\repos\ivian34\2dgame\2dvideogame\2dvideogame\debug\player.obj
c:\users\speci\source\repos\ivian34\2dgame\2dvideogame\2dvideogame\debug\scene.obj
c:\users\speci\source\repos\ivian34\2dgame\2dvideogame\2dvideogame\debug\shader.obj
c:\users\speci\source\repos\ivian34\2dgame\2dvideogame\2dvideogame\debug\shaderprogram.obj
c:\users\speci\source\repos\ivian34\2dgame\2dvideogame\2dvideogame\debug\sprite.obj
c:\users\speci\source\repos\ivian34\2dgame\2dvideogame\2dvideogame\debug\texture.obj
c:\users\speci\source\repos\ivian34\2dgame\2dvideogame\2dvideogame\debug\tilemap.obj
c:\users\speci\documents\2dvideogame\debug\2dvideogame.ilk
c:\users\speci\documents\2dvideogame\debug\2dvideogame.exe
c:\users\speci\documents\2dvideogame\debug\2dvideogame.pdb
c:\users\speci\source\repos\ivian34\2dgame\2dvideogame\2dvideogame\debug\specialtile.obj
c:\users\speci\source\repos\ivian34\2dgame\2dvideogame\2dvideogame\debug\scene.obj.enc
c:\users\speci\source\repos\ivian34\2dgame\2dvideogame\debug\2dvideogame.pdb
c:\users\speci\source\repos\ivian34\2dgame\2dvideogame\2dvideogame\debug\2dvideogame.tlog\cl.command.1.tlog
c:\users\speci\source\repos\ivian34\2dgame\2dvideogame\2dvideogame\debug\2dvideogame.tlog\cl.read.1.tlog
c:\users\speci\source\repos\ivian34\2dgame\2dvideogame\2dvideogame\debug\2dvideogame.tlog\cl.write.1.tlog
c:\users\speci\source\repos\ivian34\2dgame\2dvideogame\2dvideogame\debug\2dvideogame.tlog\link-cvtres.read.1.tlog
c:\users\speci\source\repos\ivian34\2dgame\2dvideogame\2dvideogame\debug\2dvideogame.tlog\link-cvtres.write.1.tlog
c:\users\speci\source\repos\ivian34\2dgame\2dvideogame\2dvideogame\debug\2dvideogame.tlog\link-rc.read.1.tlog
c:\users\speci\source\repos\ivian34\2dgame\2dvideogame\2dvideogame\debug\2dvideogame.tlog\link-rc.write.1.tlog
c:\users\speci\source\repos\ivian34\2dgame\2dvideogame\2dvideogame\debug\2dvideogame.tlog\link.command.1.tlog
c:\users\speci\source\repos\ivian34\2dgame\2dvideogame\2dvideogame\debug\2dvideogame.tlog\link.read.1.tlog
c:\users\speci\source\repos\ivian34\2dgame\2dvideogame\2dvideogame\debug\2dvideogame.tlog\link.write.1.tlog
